Using pre-set license

 COMMAND LINE ARGUMENTS:
/Applications/Unity/Hub/Editor/2020.2.6f1/Unity.app/Contents/MacOS/Unity
-adb2
-batchMode
-noUpm
-name
AssetImportWorker0
-projectPath
/Users/adrianmanzanodeleon/Documents/GCC Projects/UnityTutorial/Tutorial
-logFile
Logs/AssetImportWorker0.log
-srvPort
57138
Successfully changed project path to: /Users/adrianmanzanodeleon/Documents/GCC Projects/UnityTutorial/Tutorial
/Users/adrianmanzanodeleon/Documents/GCC Projects/UnityTutorial/Tutorial
Using Asset Import Pipeline V2.
Refreshing native plugins compatible for Editor in 31.30 ms, found 1 plugins.
Preloading 0 native plugins for Editor in 0.00 ms.
Initialize engine version: 2020.2.6f1 (8a2143876886)
[Subsystems] Discovering subsystems at path /Applications/Unity/Hub/Editor/2020.2.6f1/Unity.app/Contents/Resources/UnitySubsystems
[Subsystems] Discovering subsystems at path /Users/adrianmanzanodeleon/Documents/GCC Projects/UnityTutorial/Tutorial/Assets
GfxDevice: creating device client; threaded=0
2022-03-08 16:27:31.985 Unity[7072:567473] Color LCD preferred device: Intel(R) Iris(TM) Plus Graphics 655 (low power)
2022-03-08 16:27:31.985 Unity[7072:567473] Metal devices available: 1
2022-03-08 16:27:31.985 Unity[7072:567473] 0: Intel(R) Iris(TM) Plus Graphics 655 (low power)
2022-03-08 16:27:31.986 Unity[7072:567473] Using device Intel(R) Iris(TM) Plus Graphics 655 (low power)
Initializing Metal device caps: Intel(R) Iris(TM) Plus Graphics 655
Initialize mono
Mono path[0] = '/Applications/Unity/Hub/Editor/2020.2.6f1/Unity.app/Contents/Managed'
Mono path[1] = '/Applications/Unity/Hub/Editor/2020.2.6f1/Unity.app/Contents/MonoBleedingEdge/lib/mono/unityjit'
Mono config path = '/Applications/Unity/Hub/Editor/2020.2.6f1/Unity.app/Contents/MonoBleedingEdge/etc'
Using monoOptions --debugger-agent=transport=dt_socket,embedding=1,server=y,suspend=n,address=127.0.0.1:56072
Begin MonoManager ReloadAssembly
Registering precompiled unity dll's ...
Register platform support module: /Applications/Unity/Hub/Editor/2020.2.6f1/Unity.app/Contents/PlaybackEngines/MacStandaloneSupport/UnityEditor.OSXStandalone.Extensions.dll
Registered in 0.002200 seconds.
Native extension for OSXStandalone target not found
Refreshing native plugins compatible for Editor in 39.71 ms, found 1 plugins.
Preloading 0 native plugins for Editor in 0.00 ms.
Invoked RoslynAnalysisRunner static constructor.
RoslynAnalysisRunner will not be running.
RoslynAnalysisRunner has terminated.
Mono: successfully reloaded assembly
- Completed reload, in  2.153 seconds
Platform modules already initialized, skipping
Registering precompiled user dll's ...
Registered in 0.001070 seconds.
Begin MonoManager ReloadAssembly
Native extension for OSXStandalone target not found
Refreshing native plugins compatible for Editor in 0.42 ms, found 1 plugins.
Preloading 0 native plugins for Editor in 0.00 ms.
Invoked RoslynAnalysisRunner static constructor.
RoslynAnalysisRunner will not be running.
RoslynAnalysisRunner has terminated.
Mono: successfully reloaded assembly
- Completed reload, in  1.280 seconds
Platform modules already initialized, skipping
========================================================================
Worker process is ready to serve import requests
Launching external process: /Applications/Unity/Hub/Editor/2020.2.6f1/Unity.app/Contents/Tools/UnityShaderCompiler
Launched and connected shader compiler UnityShaderCompiler after 0.02 seconds
Refreshing native plugins compatible for Editor in 0.28 ms, found 1 plugins.
Preloading 0 native plugins for Editor in 0.00 ms.
Unloading 1272 Unused Serialized files (Serialized files now loaded: 0)
System memory in use before: 117.7 MB.
System memory in use after: 117.7 MB.

Unloading 10 unused Assets to reduce memory usage. Loaded Objects now: 1714.
Total: 3.346268 ms (FindLiveObjects: 0.264055 ms CreateObjectMapping: 0.126946 ms MarkObjects: 2.851244 ms  DeleteObjects: 0.102523 ms)

========================================================================
Received Import Request.
  path: Assets/Material/PoisonMaterial.mat
  artifactKey: Guid(674bbdf3a4a764304b233f19cc5ff2bb) Importer(815301076,1909f56bfc062723c751e8b465ee728b)
Start importing Assets/Material/PoisonMaterial.mat using Guid(674bbdf3a4a764304b233f19cc5ff2bb) Importer(815301076,1909f56bfc062723c751e8b465ee728b)  -> (artifact id: '4aedbdaffbed6ae3cb11ec034ef5f05f') in 0.869974 seconds
  Import took 0.873036 seconds .

========================================================================
Received Import Request.
  Time since last request: 0.000355 seconds.
  path: Assets/Material/PowerCoreMaterial.mat
  artifactKey: Guid(605e137863a224a67bfabcba3d30f748) Importer(815301076,1909f56bfc062723c751e8b465ee728b)
Start importing Assets/Material/PowerCoreMaterial.mat using Guid(605e137863a224a67bfabcba3d30f748) Importer(815301076,1909f56bfc062723c751e8b465ee728b)  -> (artifact id: '6c33e6c3af1db8f6a044a61942103771') in 0.308465 seconds
  Import took 0.310734 seconds .

========================================================================
Received Import Request.
  Time since last request: 0.000270 seconds.
  path: Assets/Material/CheckpointMaterial.mat
  artifactKey: Guid(6835d449328d84bfb9077b723b0f06e3) Importer(815301076,1909f56bfc062723c751e8b465ee728b)
Start importing Assets/Material/CheckpointMaterial.mat using Guid(6835d449328d84bfb9077b723b0f06e3) Importer(815301076,1909f56bfc062723c751e8b465ee728b)  -> (artifact id: 'dfae25909e5da64bab98ee29a88a9e3b') in 0.218732 seconds
  Import took 0.220673 seconds .

========================================================================
Received Import Request.
  Time since last request: 0.000202 seconds.
  path: Assets/Material/FloorMaterial.mat
  artifactKey: Guid(1eadc8cec5b1243548888b90e57720ed) Importer(815301076,1909f56bfc062723c751e8b465ee728b)
Start importing Assets/Material/FloorMaterial.mat using Guid(1eadc8cec5b1243548888b90e57720ed) Importer(815301076,1909f56bfc062723c751e8b465ee728b)  -> (artifact id: '7745e2d07e3c6589c503770405f6df04') in 0.009061 seconds
  Import took 0.010898 seconds .

========================================================================
Received Import Request.
  Time since last request: 0.000163 seconds.
  path: Assets/Material/New Material.mat
  artifactKey: Guid(6de2f1012b6284cd9aae5eed8281749a) Importer(815301076,1909f56bfc062723c751e8b465ee728b)
Start importing Assets/Material/New Material.mat using Guid(6de2f1012b6284cd9aae5eed8281749a) Importer(815301076,1909f56bfc062723c751e8b465ee728b)  -> (artifact id: '59346f85fe1154f0b12e95106337e980') in 0.008825 seconds
  Import took 0.010723 seconds .

========================================================================
Received Import Request.
  Time since last request: 0.000160 seconds.
  path: Assets/Material/ButtonMaterial.mat
  artifactKey: Guid(992a23ee5dcdb437486a6350b8e20256) Importer(815301076,1909f56bfc062723c751e8b465ee728b)
Start importing Assets/Material/ButtonMaterial.mat using Guid(992a23ee5dcdb437486a6350b8e20256) Importer(815301076,1909f56bfc062723c751e8b465ee728b)  -> (artifact id: 'e0001f973ba95a88db8710dd69054839') in 0.008854 seconds
  Import took 0.010999 seconds .

